[20:53:10.504][CONSTRUCT][CLIENT][INFO] Starting building internal Registries
[20:53:12.214][CONSTRUCT][CLIENT][INFO] The following mods have explicit CraftTweaker support:
'aquaculture' at version '1.16.5-2.1.23'
'botanypots' at version '7.1.41'
'computercraft' at version '1.101.3'
'crafttweaker' at version '7.1.2.521'
'cyclic' at version '1.16.5-1.5.20'
'draconicevolution' at version '3.0.29.518'
'immersiveengineering' at version '1.16.5-5.1.0-148'
'immersivepetroleum' at version '3.4.0-20'
'jeitweaker' at version '1.1.0.49'
'mekanism' at version '10.1.2'
'mysticalagriculture' at version '4.2.6'
'tconstruct' at version '3.3.4.335'
'thermal' at version '1.5.2.30'
'thermal_foundation' at version '1.5.2.30'
[20:53:16.236][CONSTRUCT][CLIENT][INFO] Completed building internal Registries
[20:53:48.775][LOAD_REGISTRIES][CLIENT][INFO] Started loading Scripts for Loader 'mekanismcontent'!
[20:53:49.416][LOAD_REGISTRIES][CLIENT][INFO] Finished loading Scripts!
[20:53:49.416][LOAD_REGISTRIES][CLIENT][INFO] Registering 0 custom gases.
[20:53:49.432][LOAD_REGISTRIES][CLIENT][INFO] Registering 0 custom infuse types.
[20:53:49.432][LOAD_REGISTRIES][CLIENT][INFO] Registering 0 custom pigments.
[20:53:49.432][LOAD_REGISTRIES][CLIENT][INFO] Registering 0 custom robit skins.
[20:53:49.447][LOAD_REGISTRIES][CLIENT][INFO] Registering 0 custom slurries.
[20:54:41.240][COMMON_SETUP][CLIENT][INFO] Started loading Scripts for Loader 'setupCommon'!
[20:54:41.360][COMMON_SETUP][CLIENT][INFO] Finished loading Scripts!
[21:24:55.090][DONE][CLIENT][INFO] Started loading Scripts for Loader 'crafttweaker'!
[21:24:55.249][DONE][CLIENT][INFO] Finished loading Scripts!
[21:25:22.527][DONE][CLIENT][INFO] Started loading Scripts for Loader 'crafttweaker'!
[21:25:22.598][DONE][CLIENT][INFO] Finished loading Scripts!
[21:25:54.649][DONE][CLIENT][INFO] Started loading Scripts for Loader 'crafttweaker'!
[21:25:54.720][DONE][CLIENT][INFO] Finished loading Scripts!
[21:26:18.092][DONE][CLIENT][INFO] Started loading Scripts for Loader 'crafttweaker'!
[21:26:18.157][DONE][CLIENT][INFO] Finished loading Scripts!
